{"C:\\Users\\cyril\\Documents\\GitHub\\hrnet-modal\\src\\components\\Modal.style.css.ts": {"path":"C:\\Users\\cyril\\Documents\\GitHub\\hrnet-modal\\src\\components\\Modal.style.css.ts","all":false,"statementMap":{"0":{"start":{"line":1,"column":0},"end":{"line":1,"column":39}},"1":{"start":{"line":2,"column":0},"end":{"line":2,"column":0}},"2":{"start":{"line":3,"column":0},"end":{"line":3,"column":48}},"3":{"start":{"line":4,"column":0},"end":{"line":4,"column":18}},"4":{"start":{"line":5,"column":0},"end":{"line":5,"column":13}},"5":{"start":{"line":6,"column":0},"end":{"line":6,"column":10}},"6":{"start":{"line":7,"column":0},"end":{"line":7,"column":9}},"7":{"start":{"line":8,"column":0},"end":{"line":8,"column":16}},"8":{"start":{"line":9,"column":0},"end":{"line":9,"column":15}},"9":{"start":{"line":10,"column":0},"end":{"line":10,"column":17}},"10":{"start":{"line":11,"column":0},"end":{"line":11,"column":37}},"11":{"start":{"line":12,"column":0},"end":{"line":12,"column":16}},"12":{"start":{"line":13,"column":0},"end":{"line":13,"column":25}},"13":{"start":{"line":14,"column":0},"end":{"line":14,"column":26}},"14":{"start":{"line":15,"column":0},"end":{"line":15,"column":22}},"15":{"start":{"line":16,"column":0},"end":{"line":16,"column":1}},"16":{"start":{"line":17,"column":0},"end":{"line":17,"column":0}},"17":{"start":{"line":18,"column":0},"end":{"line":18,"column":41}},"18":{"start":{"line":19,"column":0},"end":{"line":19,"column":21}},"19":{"start":{"line":20,"column":0},"end":{"line":20,"column":13}},"20":{"start":{"line":21,"column":0},"end":{"line":21,"column":16}},"21":{"start":{"line":22,"column":0},"end":{"line":22,"column":26}},"22":{"start":{"line":23,"column":0},"end":{"line":23,"column":28}},"23":{"start":{"line":24,"column":0},"end":{"line":24,"column":16}},"24":{"start":{"line":25,"column":0},"end":{"line":25,"column":25}},"25":{"start":{"line":26,"column":0},"end":{"line":26,"column":26}},"26":{"start":{"line":27,"column":0},"end":{"line":27,"column":22}},"27":{"start":{"line":28,"column":0},"end":{"line":28,"column":1}},"28":{"start":{"line":29,"column":0},"end":{"line":29,"column":0}},"29":{"start":{"line":30,"column":0},"end":{"line":30,"column":39}},"30":{"start":{"line":31,"column":0},"end":{"line":31,"column":16}},"31":{"start":{"line":32,"column":0},"end":{"line":32,"column":26}},"32":{"start":{"line":33,"column":0},"end":{"line":33,"column":22}},"33":{"start":{"line":34,"column":0},"end":{"line":34,"column":21}},"34":{"start":{"line":35,"column":0},"end":{"line":35,"column":18}},"35":{"start":{"line":36,"column":0},"end":{"line":36,"column":14}},"36":{"start":{"line":37,"column":0},"end":{"line":37,"column":15}},"37":{"start":{"line":38,"column":0},"end":{"line":38,"column":26}},"38":{"start":{"line":39,"column":0},"end":{"line":39,"column":15}},"39":{"start":{"line":40,"column":0},"end":{"line":40,"column":18}},"40":{"start":{"line":41,"column":0},"end":{"line":41,"column":15}},"41":{"start":{"line":42,"column":0},"end":{"line":42,"column":17}},"42":{"start":{"line":43,"column":0},"end":{"line":43,"column":22}},"43":{"start":{"line":44,"column":0},"end":{"line":44,"column":1}}},"s":{"0":1,"1":1,"2":1,"3":1,"4":1,"5":1,"6":1,"7":1,"8":1,"9":1,"10":1,"11":1,"12":1,"13":1,"14":1,"15":1,"16":1,"17":1,"18":1,"19":1,"20":1,"21":1,"22":1,"23":1,"24":1,"25":1,"26":1,"27":1,"28":1,"29":1,"30":1,"31":1,"32":1,"33":1,"34":1,"35":1,"36":1,"37":1,"38":1,"39":1,"40":1,"41":1,"42":1,"43":1},"branchMap":{},"b":{},"fnMap":{},"f":{}}
,"C:\\Users\\cyril\\Documents\\GitHub\\hrnet-modal\\src\\components\\Modal.tsx": {"path":"C:\\Users\\cyril\\Documents\\GitHub\\hrnet-modal\\src\\components\\Modal.tsx","all":false,"statementMap":{"0":{"start":{"line":1,"column":0},"end":{"line":1,"column":39}},"1":{"start":{"line":2,"column":0},"end":{"line":2,"column":91}},"2":{"start":{"line":3,"column":0},"end":{"line":3,"column":83}},"3":{"start":{"line":4,"column":0},"end":{"line":4,"column":54}},"4":{"start":{"line":5,"column":0},"end":{"line":5,"column":0}},"5":{"start":{"line":6,"column":0},"end":{"line":6,"column":19}},"6":{"start":{"line":7,"column":0},"end":{"line":7,"column":25}},"7":{"start":{"line":8,"column":0},"end":{"line":8,"column":24}},"8":{"start":{"line":9,"column":0},"end":{"line":9,"column":23}},"9":{"start":{"line":10,"column":0},"end":{"line":10,"column":32}},"10":{"start":{"line":11,"column":0},"end":{"line":11,"column":30}},"11":{"start":{"line":12,"column":0},"end":{"line":12,"column":34}},"12":{"start":{"line":13,"column":0},"end":{"line":13,"column":17}},"13":{"start":{"line":14,"column":0},"end":{"line":14,"column":23}},"14":{"start":{"line":15,"column":0},"end":{"line":15,"column":29}},"15":{"start":{"line":16,"column":0},"end":{"line":16,"column":1}},"16":{"start":{"line":17,"column":0},"end":{"line":17,"column":0}},"17":{"start":{"line":18,"column":0},"end":{"line":18,"column":3}},"18":{"start":{"line":19,"column":0},"end":{"line":19,"column":18}},"19":{"start":{"line":20,"column":0},"end":{"line":20,"column":2}},"20":{"start":{"line":21,"column":0},"end":{"line":21,"column":13}},"21":{"start":{"line":22,"column":0},"end":{"line":22,"column":2}},"22":{"start":{"line":23,"column":0},"end":{"line":23,"column":46}},"23":{"start":{"line":24,"column":0},"end":{"line":24,"column":97}},"24":{"start":{"line":25,"column":0},"end":{"line":25,"column":99}},"25":{"start":{"line":26,"column":0},"end":{"line":26,"column":85}},"26":{"start":{"line":27,"column":0},"end":{"line":27,"column":98}},"27":{"start":{"line":28,"column":0},"end":{"line":28,"column":74}},"28":{"start":{"line":29,"column":0},"end":{"line":29,"column":81}},"29":{"start":{"line":30,"column":0},"end":{"line":30,"column":74}},"30":{"start":{"line":31,"column":0},"end":{"line":31,"column":77}},"31":{"start":{"line":32,"column":0},"end":{"line":32,"column":85}},"32":{"start":{"line":33,"column":0},"end":{"line":33,"column":2}},"33":{"start":{"line":34,"column":0},"end":{"line":34,"column":50}},"34":{"start":{"line":35,"column":0},"end":{"line":35,"column":3}},"35":{"start":{"line":36,"column":0},"end":{"line":36,"column":22}},"36":{"start":{"line":37,"column":0},"end":{"line":37,"column":5}},"37":{"start":{"line":38,"column":0},"end":{"line":38,"column":27}},"38":{"start":{"line":39,"column":0},"end":{"line":39,"column":26}},"39":{"start":{"line":40,"column":0},"end":{"line":40,"column":25}},"40":{"start":{"line":41,"column":0},"end":{"line":41,"column":21}},"41":{"start":{"line":42,"column":0},"end":{"line":42,"column":19}},"42":{"start":{"line":43,"column":0},"end":{"line":43,"column":23}},"43":{"start":{"line":44,"column":0},"end":{"line":44,"column":13}},"44":{"start":{"line":45,"column":0},"end":{"line":45,"column":16}},"45":{"start":{"line":46,"column":0},"end":{"line":46,"column":16}},"46":{"start":{"line":47,"column":0},"end":{"line":47,"column":17}},"47":{"start":{"line":48,"column":0},"end":{"line":48,"column":3}},"48":{"start":{"line":49,"column":0},"end":{"line":49,"column":0}},"49":{"start":{"line":50,"column":0},"end":{"line":50,"column":50}},"50":{"start":{"line":51,"column":0},"end":{"line":51,"column":81}},"51":{"start":{"line":52,"column":0},"end":{"line":52,"column":27}},"52":{"start":{"line":53,"column":0},"end":{"line":53,"column":0}},"53":{"start":{"line":54,"column":0},"end":{"line":54,"column":21}},"54":{"start":{"line":55,"column":0},"end":{"line":55,"column":48}},"55":{"start":{"line":56,"column":0},"end":{"line":56,"column":43}},"56":{"start":{"line":57,"column":0},"end":{"line":57,"column":64}},"57":{"start":{"line":58,"column":0},"end":{"line":58,"column":52}},"58":{"start":{"line":59,"column":0},"end":{"line":59,"column":37}},"59":{"start":{"line":60,"column":0},"end":{"line":60,"column":13}},"60":{"start":{"line":61,"column":0},"end":{"line":61,"column":39}},"61":{"start":{"line":62,"column":0},"end":{"line":62,"column":28}},"62":{"start":{"line":63,"column":0},"end":{"line":63,"column":9}},"63":{"start":{"line":64,"column":0},"end":{"line":64,"column":10}},"64":{"start":{"line":65,"column":0},"end":{"line":65,"column":0}},"65":{"start":{"line":66,"column":0},"end":{"line":66,"column":55}},"66":{"start":{"line":67,"column":0},"end":{"line":67,"column":29}},"67":{"start":{"line":68,"column":0},"end":{"line":68,"column":21}},"68":{"start":{"line":69,"column":0},"end":{"line":69,"column":5}},"69":{"start":{"line":70,"column":0},"end":{"line":70,"column":0}},"70":{"start":{"line":71,"column":0},"end":{"line":71,"column":76}},"71":{"start":{"line":72,"column":0},"end":{"line":72,"column":58}},"72":{"start":{"line":73,"column":0},"end":{"line":73,"column":30}},"73":{"start":{"line":74,"column":0},"end":{"line":74,"column":52}},"74":{"start":{"line":75,"column":0},"end":{"line":75,"column":98}},"75":{"start":{"line":76,"column":0},"end":{"line":76,"column":36}},"76":{"start":{"line":77,"column":0},"end":{"line":77,"column":9}},"77":{"start":{"line":78,"column":0},"end":{"line":78,"column":5}},"78":{"start":{"line":79,"column":0},"end":{"line":79,"column":0}},"79":{"start":{"line":80,"column":0},"end":{"line":80,"column":21}},"80":{"start":{"line":81,"column":0},"end":{"line":81,"column":0}},"81":{"start":{"line":82,"column":0},"end":{"line":82,"column":19}},"82":{"start":{"line":83,"column":0},"end":{"line":83,"column":57}},"83":{"start":{"line":84,"column":0},"end":{"line":84,"column":0}},"84":{"start":{"line":85,"column":0},"end":{"line":85,"column":30}},"85":{"start":{"line":86,"column":0},"end":{"line":86,"column":64}},"86":{"start":{"line":87,"column":0},"end":{"line":87,"column":13}},"87":{"start":{"line":88,"column":0},"end":{"line":88,"column":9}},"88":{"start":{"line":89,"column":0},"end":{"line":89,"column":0}},"89":{"start":{"line":90,"column":0},"end":{"line":90,"column":22}},"90":{"start":{"line":91,"column":0},"end":{"line":91,"column":23}},"91":{"start":{"line":92,"column":0},"end":{"line":92,"column":34}},"92":{"start":{"line":93,"column":0},"end":{"line":93,"column":71}},"93":{"start":{"line":94,"column":0},"end":{"line":94,"column":17}},"94":{"start":{"line":95,"column":0},"end":{"line":95,"column":64}},"95":{"start":{"line":96,"column":0},"end":{"line":96,"column":13}},"96":{"start":{"line":97,"column":0},"end":{"line":97,"column":9}},"97":{"start":{"line":98,"column":0},"end":{"line":98,"column":47}},"98":{"start":{"line":99,"column":0},"end":{"line":99,"column":0}},"99":{"start":{"line":100,"column":0},"end":{"line":100,"column":15}},"100":{"start":{"line":101,"column":0},"end":{"line":101,"column":16}},"101":{"start":{"line":102,"column":0},"end":{"line":102,"column":25}},"102":{"start":{"line":103,"column":0},"end":{"line":103,"column":38}},"103":{"start":{"line":104,"column":0},"end":{"line":104,"column":40}},"104":{"start":{"line":105,"column":0},"end":{"line":105,"column":17}},"105":{"start":{"line":106,"column":0},"end":{"line":106,"column":35}},"106":{"start":{"line":107,"column":0},"end":{"line":107,"column":38}},"107":{"start":{"line":108,"column":0},"end":{"line":108,"column":42}},"108":{"start":{"line":109,"column":0},"end":{"line":109,"column":37}},"109":{"start":{"line":110,"column":0},"end":{"line":110,"column":41}},"110":{"start":{"line":111,"column":0},"end":{"line":111,"column":80}},"111":{"start":{"line":112,"column":0},"end":{"line":112,"column":65}},"112":{"start":{"line":113,"column":0},"end":{"line":113,"column":60}},"113":{"start":{"line":114,"column":0},"end":{"line":114,"column":56}},"114":{"start":{"line":115,"column":0},"end":{"line":115,"column":42}},"115":{"start":{"line":116,"column":0},"end":{"line":116,"column":29}},"116":{"start":{"line":117,"column":0},"end":{"line":117,"column":36}},"117":{"start":{"line":118,"column":0},"end":{"line":118,"column":21}},"118":{"start":{"line":119,"column":0},"end":{"line":119,"column":37}},"119":{"start":{"line":120,"column":0},"end":{"line":120,"column":38}},"120":{"start":{"line":121,"column":0},"end":{"line":121,"column":50}},"121":{"start":{"line":122,"column":0},"end":{"line":122,"column":45}},"122":{"start":{"line":123,"column":0},"end":{"line":123,"column":64}},"123":{"start":{"line":124,"column":0},"end":{"line":124,"column":29}},"124":{"start":{"line":125,"column":0},"end":{"line":125,"column":33}},"125":{"start":{"line":126,"column":0},"end":{"line":126,"column":41}},"126":{"start":{"line":127,"column":0},"end":{"line":127,"column":34}},"127":{"start":{"line":128,"column":0},"end":{"line":128,"column":37}},"128":{"start":{"line":129,"column":0},"end":{"line":129,"column":40}},"129":{"start":{"line":130,"column":0},"end":{"line":130,"column":32}},"130":{"start":{"line":131,"column":0},"end":{"line":131,"column":9}},"131":{"start":{"line":132,"column":0},"end":{"line":132,"column":5}},"132":{"start":{"line":133,"column":0},"end":{"line":133,"column":0}},"133":{"start":{"line":134,"column":0},"end":{"line":134,"column":15}},"134":{"start":{"line":135,"column":0},"end":{"line":135,"column":0}},"135":{"start":{"line":136,"column":0},"end":{"line":136,"column":1}}},"s":{"0":1,"1":1,"2":1,"3":1,"4":1,"5":1,"6":1,"7":1,"8":1,"9":1,"10":1,"11":1,"12":1,"13":1,"14":1,"15":1,"16":1,"17":1,"18":1,"19":1,"20":1,"21":1,"22":1,"23":1,"24":1,"25":1,"26":1,"27":1,"28":1,"29":1,"30":1,"31":1,"32":1,"33":1,"34":1,"35":1,"36":13,"37":13,"38":13,"39":13,"40":13,"41":13,"42":13,"43":13,"44":13,"45":13,"46":13,"47":13,"48":13,"49":13,"50":13,"51":13,"52":13,"53":13,"54":7,"55":6,"56":6,"57":6,"58":18,"59":18,"60":6,"61":6,"62":6,"63":13,"64":13,"65":13,"66":6,"67":6,"68":6,"69":13,"70":13,"71":6,"72":4,"73":4,"74":4,"75":4,"76":4,"77":6,"78":13,"79":13,"80":13,"81":13,"82":12,"83":12,"84":12,"85":12,"86":12,"87":12,"88":13,"89":13,"90":13,"91":12,"92":12,"93":12,"94":12,"95":12,"96":13,"97":13,"98":13,"99":13,"100":12,"101":12,"102":12,"103":12,"104":12,"105":12,"106":12,"107":12,"108":12,"109":12,"110":12,"111":12,"112":12,"113":1,"114":1,"115":1,"116":12,"117":12,"118":12,"119":12,"120":12,"121":12,"122":12,"123":12,"124":12,"125":12,"126":12,"127":12,"128":12,"129":12,"130":12,"131":12,"132":1,"133":1,"134":1,"135":1},"branchMap":{"0":{"type":"branch","line":36,"loc":{"start":{"line":36,"column":7},"end":{"line":136,"column":1}},"locations":[{"start":{"line":36,"column":7},"end":{"line":136,"column":1}}]},"1":{"type":"branch","line":100,"loc":{"start":{"line":100,"column":14},"end":{"line":132,"column":5}},"locations":[{"start":{"line":100,"column":14},"end":{"line":132,"column":5}}]},"2":{"type":"branch","line":111,"loc":{"start":{"line":111,"column":49},"end":{"line":111,"column":80}},"locations":[{"start":{"line":111,"column":49},"end":{"line":111,"column":80}}]},"3":{"type":"branch","line":112,"loc":{"start":{"line":112,"column":46},"end":{"line":112,"column":65}},"locations":[{"start":{"line":112,"column":46},"end":{"line":112,"column":65}}]},"4":{"type":"branch","line":117,"loc":{"start":{"line":117,"column":24},"end":{"line":117,"column":36}},"locations":[{"start":{"line":117,"column":24},"end":{"line":117,"column":36}}]},"5":{"type":"branch","line":132,"loc":{"start":{"line":132,"column":4},"end":{"line":136,"column":1}},"locations":[{"start":{"line":132,"column":4},"end":{"line":136,"column":1}}]},"6":{"type":"branch","line":54,"loc":{"start":{"line":54,"column":14},"end":{"line":64,"column":7}},"locations":[{"start":{"line":54,"column":14},"end":{"line":64,"column":7}}]},"7":{"type":"branch","line":55,"loc":{"start":{"line":55,"column":12},"end":{"line":55,"column":45}},"locations":[{"start":{"line":55,"column":12},"end":{"line":55,"column":45}}]},"8":{"type":"branch","line":55,"loc":{"start":{"line":55,"column":47},"end":{"line":63,"column":9}},"locations":[{"start":{"line":55,"column":47},"end":{"line":63,"column":9}}]},"9":{"type":"branch","line":58,"loc":{"start":{"line":58,"column":51},"end":{"line":60,"column":13}},"locations":[{"start":{"line":58,"column":51},"end":{"line":60,"column":13}}]},"10":{"type":"branch","line":66,"loc":{"start":{"line":66,"column":25},"end":{"line":69,"column":5}},"locations":[{"start":{"line":66,"column":25},"end":{"line":69,"column":5}}]},"11":{"type":"branch","line":68,"loc":{"start":{"line":68,"column":12},"end":{"line":68,"column":21}},"locations":[{"start":{"line":68,"column":12},"end":{"line":68,"column":21}}]},"12":{"type":"branch","line":71,"loc":{"start":{"line":71,"column":22},"end":{"line":78,"column":5}},"locations":[{"start":{"line":71,"column":22},"end":{"line":78,"column":5}}]},"13":{"type":"branch","line":72,"loc":{"start":{"line":72,"column":22},"end":{"line":72,"column":55}},"locations":[{"start":{"line":72,"column":22},"end":{"line":72,"column":55}}]},"14":{"type":"branch","line":72,"loc":{"start":{"line":72,"column":57},"end":{"line":77,"column":9}},"locations":[{"start":{"line":72,"column":57},"end":{"line":77,"column":9}}]},"15":{"type":"branch","line":75,"loc":{"start":{"line":75,"column":74},"end":{"line":75,"column":81}},"locations":[{"start":{"line":75,"column":74},"end":{"line":75,"column":81}}]},"16":{"type":"branch","line":75,"loc":{"start":{"line":75,"column":77},"end":{"line":75,"column":98}},"locations":[{"start":{"line":75,"column":77},"end":{"line":75,"column":98}}]},"17":{"type":"branch","line":80,"loc":{"start":{"line":80,"column":14},"end":{"line":98,"column":7}},"locations":[{"start":{"line":80,"column":14},"end":{"line":98,"column":7}}]},"18":{"type":"branch","line":82,"loc":{"start":{"line":82,"column":18},"end":{"line":88,"column":9}},"locations":[{"start":{"line":82,"column":18},"end":{"line":88,"column":9}}]},"19":{"type":"branch","line":90,"loc":{"start":{"line":90,"column":15},"end":{"line":97,"column":9}},"locations":[{"start":{"line":90,"column":15},"end":{"line":97,"column":9}}]},"20":{"type":"branch","line":91,"loc":{"start":{"line":91,"column":22},"end":{"line":96,"column":13}},"locations":[{"start":{"line":91,"column":22},"end":{"line":96,"column":13}}]},"21":{"type":"branch","line":113,"loc":{"start":{"line":113,"column":48},"end":{"line":117,"column":27}},"locations":[{"start":{"line":113,"column":48},"end":{"line":117,"column":27}}]}},"b":{"0":[13],"1":[12],"2":[0],"3":[0],"4":[0],"5":[1],"6":[7],"7":[6],"8":[6],"9":[18],"10":[6],"11":[1],"12":[6],"13":[4],"14":[4],"15":[1],"16":[3],"17":[13],"18":[12],"19":[13],"20":[12],"21":[1]},"fnMap":{"0":{"name":"Modal","decl":{"start":{"line":36,"column":7},"end":{"line":136,"column":1}},"loc":{"start":{"line":36,"column":7},"end":{"line":136,"column":1}},"line":36},"1":{"name":"handleEscape","decl":{"start":{"line":66,"column":25},"end":{"line":69,"column":5}},"loc":{"start":{"line":66,"column":25},"end":{"line":69,"column":5}},"line":66},"2":{"name":"handleTab","decl":{"start":{"line":71,"column":22},"end":{"line":78,"column":5}},"loc":{"start":{"line":71,"column":22},"end":{"line":78,"column":5}},"line":71},"3":{"name":"Modal.__vite_ssr_import_1__.createPortal.__vite_ssr_import_0__.jsxDEV.children.__vite_ssr_import_0__.jsxDEV.onClick","decl":{"start":{"line":112,"column":56},"end":{"line":112,"column":65}},"loc":{"start":{"line":112,"column":56},"end":{"line":112,"column":65}},"line":112},"4":{"name":"Modal.__vite_ssr_import_1__.createPortal.__vite_ssr_import_0__.jsxDEV.children.__vite_ssr_import_0__.jsxDEV.onKeyDown","decl":{"start":{"line":113,"column":48},"end":{"line":117,"column":27}},"loc":{"start":{"line":113,"column":48},"end":{"line":117,"column":27}},"line":113},"5":{"name":"Modal.__vite_ssr_import_1__.createPortal.__vite_ssr_import_0__.jsxDEV.children.__vite_ssr_import_0__.jsxDEV.onKeyDown","decl":{"start":{"line":117,"column":27},"end":{"line":117,"column":36}},"loc":{"start":{"line":117,"column":27},"end":{"line":117,"column":36}},"line":117}},"f":{"0":13,"1":6,"2":6,"3":0,"4":1,"5":0}}
,"C:\\Users\\cyril\\Documents\\GitHub\\hrnet-modal\\src\\components\\index.ts": {"path":"C:\\Users\\cyril\\Documents\\GitHub\\hrnet-modal\\src\\components\\index.ts","all":false,"statementMap":{"0":{"start":{"line":1,"column":0},"end":{"line":1,"column":30}}},"s":{"0":1},"branchMap":{},"b":{},"fnMap":{},"f":{}}
,"C:\\Users\\cyril\\Documents\\GitHub\\hrnet-modal\\src\\functions\\functions.ts": {"path":"C:\\Users\\cyril\\Documents\\GitHub\\hrnet-modal\\src\\functions\\functions.ts","all":false,"statementMap":{"0":{"start":{"line":1,"column":0},"end":{"line":1,"column":3}},"1":{"start":{"line":2,"column":0},"end":{"line":2,"column":40}},"2":{"start":{"line":3,"column":0},"end":{"line":3,"column":2}},"3":{"start":{"line":4,"column":0},"end":{"line":4,"column":74}},"4":{"start":{"line":5,"column":0},"end":{"line":5,"column":89}},"5":{"start":{"line":6,"column":0},"end":{"line":6,"column":18}},"6":{"start":{"line":7,"column":0},"end":{"line":7,"column":3}},"7":{"start":{"line":8,"column":0},"end":{"line":8,"column":77}},"8":{"start":{"line":9,"column":0},"end":{"line":9,"column":0}},"9":{"start":{"line":10,"column":0},"end":{"line":10,"column":30}},"10":{"start":{"line":11,"column":0},"end":{"line":11,"column":0}},"11":{"start":{"line":12,"column":0},"end":{"line":12,"column":39}},"12":{"start":{"line":13,"column":0},"end":{"line":13,"column":0}},"13":{"start":{"line":14,"column":0},"end":{"line":14,"column":48}},"14":{"start":{"line":15,"column":0},"end":{"line":15,"column":49}},"15":{"start":{"line":16,"column":0},"end":{"line":16,"column":5}},"16":{"start":{"line":17,"column":0},"end":{"line":17,"column":1}}},"s":{"0":1,"1":1,"2":1,"3":1,"4":1,"5":1,"6":1,"7":1,"8":18,"9":18,"10":18,"11":18,"12":18,"13":18,"14":12,"15":12,"16":18},"branchMap":{"0":{"type":"branch","line":8,"loc":{"start":{"line":8,"column":30},"end":{"line":17,"column":1}},"locations":[{"start":{"line":8,"column":30},"end":{"line":17,"column":1}}]},"1":{"type":"branch","line":14,"loc":{"start":{"line":14,"column":24},"end":{"line":14,"column":42}},"locations":[{"start":{"line":14,"column":24},"end":{"line":14,"column":42}}]},"2":{"type":"branch","line":14,"loc":{"start":{"line":14,"column":47},"end":{"line":16,"column":5}},"locations":[{"start":{"line":14,"column":47},"end":{"line":16,"column":5}}]}},"b":{"0":[18],"1":[30],"2":[12]},"fnMap":{"0":{"name":"getAllChildren","decl":{"start":{"line":8,"column":30},"end":{"line":17,"column":1}},"loc":{"start":{"line":8,"column":30},"end":{"line":17,"column":1}},"line":8}},"f":{"0":18}}
,"C:\\Users\\cyril\\Documents\\GitHub\\hrnet-modal\\src\\hooks\\useToggle.ts": {"path":"C:\\Users\\cyril\\Documents\\GitHub\\hrnet-modal\\src\\hooks\\useToggle.ts","all":false,"statementMap":{"0":{"start":{"line":1,"column":0},"end":{"line":1,"column":31}},"1":{"start":{"line":2,"column":0},"end":{"line":2,"column":0}},"2":{"start":{"line":3,"column":0},"end":{"line":3,"column":50}},"3":{"start":{"line":4,"column":0},"end":{"line":4,"column":50}},"4":{"start":{"line":5,"column":0},"end":{"line":5,"column":0}},"5":{"start":{"line":6,"column":0},"end":{"line":6,"column":26}},"6":{"start":{"line":7,"column":0},"end":{"line":7,"column":22}},"7":{"start":{"line":8,"column":0},"end":{"line":8,"column":5}},"8":{"start":{"line":9,"column":0},"end":{"line":9,"column":0}},"9":{"start":{"line":10,"column":0},"end":{"line":10,"column":25}},"10":{"start":{"line":11,"column":0},"end":{"line":11,"column":1}}},"s":{"0":1,"1":1,"2":1,"3":11,"4":11,"5":11,"6":5,"7":5,"8":11,"9":11,"10":11},"branchMap":{"0":{"type":"branch","line":3,"loc":{"start":{"line":3,"column":7},"end":{"line":11,"column":1}},"locations":[{"start":{"line":3,"column":7},"end":{"line":11,"column":1}}]},"1":{"type":"branch","line":6,"loc":{"start":{"line":6,"column":19},"end":{"line":8,"column":5}},"locations":[{"start":{"line":6,"column":19},"end":{"line":8,"column":5}}]}},"b":{"0":[11],"1":[5]},"fnMap":{"0":{"name":"useToggle","decl":{"start":{"line":3,"column":7},"end":{"line":11,"column":1}},"loc":{"start":{"line":3,"column":7},"end":{"line":11,"column":1}},"line":3},"1":{"name":"toggle","decl":{"start":{"line":6,"column":19},"end":{"line":8,"column":5}},"loc":{"start":{"line":6,"column":19},"end":{"line":8,"column":5}},"line":6}},"f":{"0":11,"1":5}}
}
